<?xml version="1.0" encoding="UTF-8"?>
<!-- Generated by org.testng.reporters.JUnitReportReporter -->
<testsuite hostname="DESKTOP-QB4O65F" failures="0" tests="1" name="TestClasses.VerifyUserCanLogIn" time="2.550" errors="0" timestamp="2022-07-29T10:16:33 IST" skipped="0">
  <testcase classname="TestClasses.VerifyUserCanLogIn" name="verifyUserCanLogin" time="2.550"/>
  <system-out/>
</testsuite> <!-- TestClasses.VerifyUserCanLogIn -->
